{"name": "test_add", "status": "failed", "statusDetails": {"message": "AssertionError: assert 200 == 201\n +  where 200 = <Response [200]>.status_code", "trace": "def test_add():\n        body = {\"title\": \"generated\", \"completed\": False}\n        response = requests.post(\"https://todo-app-sky.herokuapp.com/\", json=body)\n        response_body = response.json()\n    \n>       assert response.status_code == 201\nE       assert 200 == 201\nE        +  where 200 = <Response [200]>.status_code\n\nws_21_11\\test\\add_task_test.py:9: AssertionError"}, "start": 1732206119844, "stop": 1732206120731, "uuid": "1fdf3612-08fd-41b5-9614-ba8d346761f3", "historyId": "6b4b6f1c369b8a30538eda8b0e6ff7b1", "testCaseId": "6b4b6f1c369b8a30538eda8b0e6ff7b1", "fullName": "ws_21_11.test.add_task_test#test_add", "labels": [{"name": "parentSuite", "value": "ws_21_11.test"}, {"name": "suite", "value": "add_task_test"}, {"name": "host", "value": "WIN-0I29U470UT2"}, {"name": "thread", "value": "7968-MainThread"}, {"name": "framework", "value": "pytest"}, {"name": "language", "value": "cpython3"}, {"name": "package", "value": "ws_21_11.test.add_task_test"}]}