{"name": "test_get_delet_task", "status": "failed", "statusDetails": {"message": "AssertionError: assert 200 == 404\n +  where 200 = <Response [200]>.status_code", "trace": "def test_get_delet_task():\n        body = {\"title\": \"New\", \"completed\": False}\n        response = requests.post(\"https://todo-app-sky.herokuapp.com/\", json=body)\n        id = response.json()[\"id\"]\n    \n        response = requests.delete(f'https://todo-app-sky.herokuapp.com/{id}')\n        assert response.status_code == 200\n    \n        response = requests.get(f'https://todo-app-sky.herokuapp.com/{id}')\n>       assert response.status_code == 404\nE       assert 200 == 404\nE        +  where 200 = <Response [200]>.status_code\n\nws_21_11\\test\\get_delete_task_test.py:13: AssertionError"}, "start": 1732207439257, "stop": 1732207440485, "uuid": "20ada876-f00c-474d-bff9-b97677008e16", "historyId": "cad2f484258882d78d0ad55188a3b858", "testCaseId": "cad2f484258882d78d0ad55188a3b858", "fullName": "ws_21_11.test.get_delete_task_test#test_get_delet_task", "labels": [{"name": "parentSuite", "value": "ws_21_11.test"}, {"name": "suite", "value": "get_delete_task_test"}, {"name": "host", "value": "WIN-0I29U470UT2"}, {"name": "thread", "value": "17216-MainThread"}, {"name": "framework", "value": "pytest"}, {"name": "language", "value": "cpython3"}, {"name": "package", "value": "ws_21_11.test.get_delete_task_test"}]}