{"name": "test_delete", "status": "failed", "statusDetails": {"message": "AssertionError: assert 200 == 204\n +  where 200 = <Response [200]>.status_code", "trace": "def test_delete():\n        body = {\"title\":\"generated\",\"completed\":False}\n        response = requests.post(\"https://todo-app-sky.herokuapp.com/\", json=body)\n        id = response.json()[\"id\"]\n    \n        response = requests.delete(f'https://todo-app-sky.herokuapp.com/{id}')\n    \n    \n>       assert response.status_code == 204\nE       assert 200 == 204\nE        +  where 200 = <Response [200]>.status_code\n\nws_21_11\\test\\delete_task_test.py:11: AssertionError"}, "start": 1732206121032, "stop": 1732206121817, "uuid": "a5066675-f8ff-4648-ba07-35d6ba465d07", "historyId": "3a5392d02231b55ad50822f8fb7327e1", "testCaseId": "3a5392d02231b55ad50822f8fb7327e1", "fullName": "ws_21_11.test.delete_task_test#test_delete", "labels": [{"name": "parentSuite", "value": "ws_21_11.test"}, {"name": "suite", "value": "delete_task_test"}, {"name": "host", "value": "WIN-0I29U470UT2"}, {"name": "thread", "value": "7968-MainThread"}, {"name": "framework", "value": "pytest"}, {"name": "language", "value": "cpython3"}, {"name": "package", "value": "ws_21_11.test.delete_task_test"}]}