{"name": "test_add", "status": "failed", "statusDetails": {"message": "AssertionError: assert None == False", "trace": "def test_add():\n        body = {\"title\": \"generated\", \"completed\": False}\n        response = requests.post(\"https://todo-app-sky.herokuapp.com/\", json=body)\n        response_body = response.json()\n    \n        assert response.status_code == 200\n>       assert response_body['completed'] == False\nE       assert None == False\n\nws_21_11\\test\\add_task_test.py:10: AssertionError"}, "start": 1732206652576, "stop": 1732206653099, "uuid": "725d46f2-4a3d-49e9-ba80-32f46cb28fef", "historyId": "6b4b6f1c369b8a30538eda8b0e6ff7b1", "testCaseId": "6b4b6f1c369b8a30538eda8b0e6ff7b1", "fullName": "ws_21_11.test.add_task_test#test_add", "labels": [{"name": "parentSuite", "value": "ws_21_11.test"}, {"name": "suite", "value": "add_task_test"}, {"name": "host", "value": "WIN-0I29U470UT2"}, {"name": "thread", "value": "16476-MainThread"}, {"name": "framework", "value": "pytest"}, {"name": "language", "value": "cpython3"}, {"name": "package", "value": "ws_21_11.test.add_task_test"}]}